listening on 3444....
listening on 8501....
listening on 8501....
listening on 8501....
listening on 8501....
File save!
fd
File save!
嗨
File save!
11
File save!
test1 20170711 10:32
File save!

File save!

File save!
test1
listening on 8501....
listening on 8501....
listening on 8501....
module.js:487
    throw err;
    ^

Error: Cannot find module 'vary'
    at Function.Module._resolveFilename (module.js:485:15)
    at Function.Module._load (module.js:437:25)
    at Module.require (module.js:513:17)
    at require (internal/module.js:11:18)
    at Object.<anonymous> (/home/lcg/Documents/webs/CasePage/Abtcase/node_modules/express/lib/response.js:34:12)
    at Module._compile (module.js:569:30)
    at Object.Module._extensions..js (module.js:580:10)
    at Module.load (module.js:503:32)
    at tryModuleLoad (module.js:466:12)
    at Function.Module._load (module.js:458:3)
